<?xml version="1.0" encoding="UTF-8"?>
<!-- Generated by org.testng.reporters.JUnitReportReporter -->
<testsuite skipped="0" hostname="karan-ThinkPad-L490" name="com.users.userTimelineProject.UserTimelineProjectApplicationTest" tests="1" failures="0" timestamp="2020-03-06T13:50:38 IST" time="0.005" errors="0">
  <testcase name="contextLoads" time="0.005" classname="com.users.userTimelineProject.UserTimelineProjectApplicationTest"/>
  <system-out/>
</testsuite> <!-- com.users.userTimelineProject.UserTimelineProjectApplicationTest -->
