<?xml version="1.0" encoding="UTF-8"?>
<!-- Generated by org.testng.reporters.JUnitReportReporter -->
<testsuite skipped="0" hostname="karan-ThinkPad-L490" name="com.users.userTimelineProject.controller.PostServiceTest" tests="5" failures="0" timestamp="2020-03-06T13:50:38 IST" time="24.104" errors="0">
  <testcase name="updateListTest" time="4.416" classname="com.users.userTimelineProject.controller.PostServiceTest"/>
  <system-out/>
  <testcase name="getUniqueIdsTest" time="5.219" classname="com.users.userTimelineProject.controller.PostServiceTest"/>
  <system-out/>
  <testcase name="getEndpointsTest" time="4.423" classname="com.users.userTimelineProject.controller.PostServiceTest"/>
  <system-out/>
  <testcase name="contextLoads" time="5.228" classname="com.users.userTimelineProject.controller.PostServiceTest"/>
  <system-out/>
  <testcase name="getPostTest" time="4.818" classname="com.users.userTimelineProject.controller.PostServiceTest"/>
  <system-out/>
</testsuite> <!-- com.users.userTimelineProject.controller.PostServiceTest -->
